<?xml version="1.0" encoding="UTF-8"?>
<!-- Generated by org.testng.reporters.JUnitXMLReporter -->
<testsuite hostname="ip-10-0-2-48.ec2.internal" ignored="0" name="FunctionalCase1" tests="1" failures="1" timestamp="22 May 2018 16:24:01 GMT" time="384.516" errors="0">
  <testcase name="feature" time="384.057" classname="cucumber.api.testng.AbstractTestNGCucumberTests">
    <failure type="cucumber.runtime.CucumberException" message="com.smartbear.readyapi.client.execution.ApiException{code=0, message=com.sun.jersey.api.client.ClientHandlerException: java.net.ConnectException: Connection timed out (Connection timed out), responseHeaders=null, responseBody=&amp;apos;null&amp;apos;}">
      <![CDATA[cucumber.runtime.CucumberException: com.smartbear.readyapi.client.execution.ApiException{code=0, message=com.sun.jersey.api.client.ClientHandlerException: java.net.ConnectException: Connection timed out (Connection timed out), responseHeaders=null, responseBody='null'}
	at cucumber.api.testng.TestNGCucumberRunner.runCucumber(TestNGCucumberRunner.java:69)
	at cucumber.api.testng.AbstractTestNGCucumberTests.feature(AbstractTestNGCucumberTests.java:21)
Caused by: com.smartbear.readyapi.client.execution.ApiException{code=0, message=com.sun.jersey.api.client.ClientHandlerException: java.net.ConnectException: Connection timed out (Connection timed out), responseHeaders=null, responseBody='null'}
	at com.smartbear.readyapi.client.execution.RecipeExecutor.doExecuteTestCase(RecipeExecutor.java:184)
	at com.smartbear.readyapi.client.execution.RecipeExecutor.executeRecipe(RecipeExecutor.java:130)
	at demo.web.test.api.DemoStudentApiPostRequestSteps.i_validate_the_result_against_the_output_attributes(DemoStudentApiPostRequestSteps.java:77)
	at ✽.Then I validate the result against the output attributes1,aaa1,11,true,st1,4000(studentapipostrequest.feature:12)
Caused by: com.sun.jersey.api.client.ClientHandlerException: java.net.ConnectException: Connection timed out (Connection timed out)
	at com.sun.jersey.client.urlconnection.URLConnectionClientHandler.handle(URLConnectionClientHandler.java:155)
	at com.sun.jersey.api.client.Client.handle(Client.java:652)
	at com.sun.jersey.api.client.WebResource.handle(WebResource.java:682)
	at com.sun.jersey.api.client.WebResource.access$200(WebResource.java:74)
	at com.sun.jersey.api.client.WebResource$Builder.post(WebResource.java:570)
	at com.smartbear.readyapi.client.execution.ApiClientWrapper.invokeAPI(ApiClientWrapper.java:106)
	at com.smartbear.readyapi.client.execution.CodegenBasedTestServerApi.invokeAPI(CodegenBasedTestServerApi.java:264)
	at com.smartbear.readyapi.client.execution.CodegenBasedTestServerApi.postTestRecipe(CodegenBasedTestServerApi.java:78)
	at com.smartbear.readyapi.client.execution.RecipeExecutor.doExecuteTestCase(RecipeExecutor.java:174)
	at com.smartbear.readyapi.client.execution.RecipeExecutor.executeRecipe(RecipeExecutor.java:130)
	at demo.web.test.api.DemoStudentApiPostRequestSteps.i_validate_the_result_against_the_output_attributes(DemoStudentApiPostRequestSteps.java:77)
	at cucumber.runtime.Utils$1.call(Utils.java:40)
	at cucumber.runtime.Timeout.timeout(Timeout.java:16)
	at cucumber.runtime.Utils.invoke(Utils.java:34)
	at cucumber.runtime.java.JavaStepDefinition.execute(JavaStepDefinition.java:38)
	at cucumber.runtime.StepDefinitionMatch.runStep(StepDefinitionMatch.java:37)
	at cucumber.runtime.Runtime.runStep(Runtime.java:300)
	at cucumber.runtime.model.StepContainer.runStep(StepContainer.java:44)
	at cucumber.runtime.model.StepContainer.runSteps(StepContainer.java:39)
	at cucumber.runtime.model.CucumberScenario.run(CucumberScenario.java:44)
	at cucumber.runtime.model.CucumberScenarioOutline.run(CucumberScenarioOutline.java:46)
	at cucumber.runtime.model.CucumberFeature.run(CucumberFeature.java:165)
	at cucumber.api.testng.TestNGCucumberRunner.runCucumber(TestNGCucumberRunner.java:63)
	at cucumber.api.testng.AbstractTestNGCucumberTests.feature(AbstractTestNGCucumberTests.java:21)
Caused by: java.net.ConnectException: Connection timed out (Connection timed out)
	at java.net.PlainSocketImpl.socketConnect(Native Method)
	at java.net.AbstractPlainSocketImpl.doConnect(AbstractPlainSocketImpl.java:350)
	at java.net.AbstractPlainSocketImpl.connectToAddress(AbstractPlainSocketImpl.java:206)
	at java.net.AbstractPlainSocketImpl.connect(AbstractPlainSocketImpl.java:188)
	at java.net.SocksSocketImpl.connect(SocksSocketImpl.java:392)
	at java.net.Socket.connect(Socket.java:589)
	at java.net.Socket.connect(Socket.java:538)
	at sun.net.NetworkClient.doConnect(NetworkClient.java:180)
	at sun.net.www.http.HttpClient.openServer(HttpClient.java:463)
	at sun.net.www.http.HttpClient.openServer(HttpClient.java:558)
	at sun.net.www.http.HttpClient.<init>(HttpClient.java:242)
	at sun.net.www.http.HttpClient.New(HttpClient.java:339)
	at sun.net.www.http.HttpClient.New(HttpClient.java:357)
	at sun.net.www.protocol.http.HttpURLConnection.getNewHttpClient(HttpURLConnection.java:1220)
	at sun.net.www.protocol.http.HttpURLConnection.plainConnect0(HttpURLConnection.java:1156)
	at sun.net.www.protocol.http.HttpURLConnection.plainConnect(HttpURLConnection.java:1050)
	at sun.net.www.protocol.http.HttpURLConnection.connect(HttpURLConnection.java:984)
	at sun.net.www.protocol.http.HttpURLConnection.getOutputStream0(HttpURLConnection.java:1334)
	at sun.net.www.protocol.http.HttpURLConnection.getOutputStream(HttpURLConnection.java:1309)
	at com.sun.jersey.client.urlconnection.URLConnectionClientHandler$1$1.getOutputStream(URLConnectionClientHandler.java:238)
	at com.sun.jersey.api.client.CommittingOutputStream.commitStream(CommittingOutputStream.java:117)
	at com.sun.jersey.api.client.CommittingOutputStream.write(CommittingOutputStream.java:89)
	at sun.nio.cs.StreamEncoder.writeBytes(StreamEncoder.java:221)
	at sun.nio.cs.StreamEncoder.implFlushBuffer(StreamEncoder.java:291)
	at sun.nio.cs.StreamEncoder.implFlush(StreamEncoder.java:295)
	at sun.nio.cs.StreamEncoder.flush(StreamEncoder.java:141)
	at java.io.OutputStreamWriter.flush(OutputStreamWriter.java:229)
	at java.io.BufferedWriter.flush(BufferedWriter.java:254)
	at com.sun.jersey.core.util.ReaderWriter.writeToAsString(ReaderWriter.java:191)
	at com.sun.jersey.core.provider.AbstractMessageReaderWriterProvider.writeToAsString(AbstractMessageReaderWriterProvider.java:128)
	at com.sun.jersey.core.impl.provider.entity.StringProvider.writeTo(StringProvider.java:88)
	at com.sun.jersey.core.impl.provider.entity.StringProvider.writeTo(StringProvider.java:58)
	at com.sun.jersey.api.client.RequestWriter.writeRequestEntity(RequestWriter.java:300)
	at com.sun.jersey.client.urlconnection.URLConnectionClientHandler._invoke(URLConnectionClientHandler.java:217)
	at com.sun.jersey.client.urlconnection.URLConnectionClientHandler.handle(URLConnectionClientHandler.java:153)
	... 61 more
... Removed 72 stack frames]]>
    </failure>
  </testcase> <!-- feature -->
</testsuite> <!-- FunctionalCase1 -->
